2015-06-04 18:24:44.002 HelloCordova[15436:178916] DiskCookieStorage changing policy from 2 to 0, cookie file: file:///Users/whit/Library/Developer/CoreSimulator/Devices/C28FFE77-1D90-471B-9C14-786D0FE0BAED/data/Containers/Data/Application/DCC36345-036E-4D90-89BF-53B4FE61BF3B/Library/Cookies/Cookies.binarycookies
2015-06-04 18:24:44.103 HelloCordova[15436:178916] Apache Cordova native platform version 3.8.0 is starting.
2015-06-04 18:24:44.104 HelloCordova[15436:178916] Multi-tasking -> Device: YES, App: YES
2015-06-04 18:24:44.106 HelloCordova[15436:178916] Unlimited access to network resources
2015-06-04 18:24:44.109 HelloCordova[15436:178916] 

Started backup to iCloud! Please be careful.
Your application might be rejected by Apple if you store too much data.
For more information please read "iOS Data Storage Guidelines" at:
https://developer.apple.com/icloud/documentation/data-storage/
To disable web storage backup to iCloud, set the BackupWebStorage preference to "local" in the Cordova config.xml file

2015-06-04 18:24:44.244 HelloCordova[15436:178916] Resetting plugins due to page load.
2015-06-04 18:24:44.266 HelloCordova[15436:178916] Finished load of: file:///Users/whit/Library/Developer/CoreSimulator/Devices/C28FFE77-1D90-471B-9C14-786D0FE0BAED/data/Containers/Bundle/Application/059FE32B-11C2-4925-AB49-221080AD05C7/HelloCordova.app/www/index.html
2015-06-04 18:24:44.270 HelloCordova[15436:178916] Resetting plugins due to page load.
2015-06-04 18:24:48.488 HelloCordova[15436:178916] Finished load of: http://jaywallet.meteor.com/
2015-06-04 18:41:14.155 HelloCordova[16623:189521] DiskCookieStorage changing policy from 2 to 0, cookie file: file:///Users/whit/Library/Developer/CoreSimulator/Devices/C28FFE77-1D90-471B-9C14-786D0FE0BAED/data/Containers/Data/Application/DB3A9B19-30D3-43B6-8F48-7B4099699C53/Library/Cookies/Cookies.binarycookies
2015-06-04 18:41:14.255 HelloCordova[16623:189521] Apache Cordova native platform version 3.8.0 is starting.
2015-06-04 18:41:14.256 HelloCordova[16623:189521] Multi-tasking -> Device: YES, App: YES
2015-06-04 18:41:14.259 HelloCordova[16623:189521] Unlimited access to network resources
2015-06-04 18:41:14.262 HelloCordova[16623:189521] 

Started backup to iCloud! Please be careful.
Your application might be rejected by Apple if you store too much data.
For more information please read "iOS Data Storage Guidelines" at:
https://developer.apple.com/icloud/documentation/data-storage/
To disable web storage backup to iCloud, set the BackupWebStorage preference to "local" in the Cordova config.xml file

2015-06-04 18:41:14.394 HelloCordova[16623:189521] Resetting plugins due to page load.
2015-06-04 18:41:14.420 HelloCordova[16623:189521] Finished load of: file:///Users/whit/Library/Developer/CoreSimulator/Devices/C28FFE77-1D90-471B-9C14-786D0FE0BAED/data/Containers/Bundle/Application/B023CFC0-05F7-471F-A74F-783820E33EBF/HelloCordova.app/www/index.html
2015-06-04 18:41:14.423 HelloCordova[16623:189521] Resetting plugins due to page load.
2015-06-04 18:41:18.527 HelloCordova[16623:189521] Finished load of: http://jaywallet.meteor.com/
2015-06-04 18:41:43.602 HelloCordova[16623:189734] Communications error: <OS_xpc_error: <error: 0x2d1c5f4> { count = 1, contents =
	"XPCErrorDescription" => <string: 0x2d1c83c> { length = 22, contents = "Connection interrupted" }
}>
2015-06-04 18:41:43.610 HelloCordova[16623:189736] Terminating since there is no system app.
